<?xml version="1.0" encoding="UTF-8" ?>
<testsuite tests="19" failures="0" name="com.accenture.dcsc.springpetclinic_selenium.cucumber.RunCukesTest" time="0.019" errors="0" skipped="0">
  <properties>
    <property name="java.runtime.name" value="Java(TM) SE Runtime Environment"/>
    <property name="sun.boot.library.path" value="C:\Program Files\Java\jdk1.8.0_20\jre\bin"/>
    <property name="java.vm.version" value="25.20-b23"/>
    <property name="java.vm.vendor" value="Oracle Corporation"/>
    <property name="java.vendor.url" value="http://java.oracle.com/"/>
    <property name="path.separator" value=";"/>
    <property name="guice.disable.misplaced.annotation.check" value="true"/>
    <property name="java.vm.name" value="Java HotSpot(TM) 64-Bit Server VM"/>
    <property name="file.encoding.pkg" value="sun.io"/>
    <property name="user.script" value=""/>
    <property name="user.country" value="GB"/>
    <property name="sun.java.launcher" value="SUN_STANDARD"/>
    <property name="sun.os.patch.level" value="Service Pack 1"/>
    <property name="java.vm.specification.name" value="Java Virtual Machine Specification"/>
    <property name="user.dir" value="C:\Users\robert.a.northard\Desktop\springpetclinic-selenium"/>
    <property name="java.runtime.version" value="1.8.0_20-b26"/>
    <property name="java.awt.graphicsenv" value="sun.awt.Win32GraphicsEnvironment"/>
    <property name="java.endorsed.dirs" value="C:\Program Files\Java\jdk1.8.0_20\jre\lib\endorsed"/>
    <property name="os.arch" value="amd64"/>
    <property name="java.io.tmpdir" value="C:\Users\ROBERT~1.NOR\AppData\Local\Temp\"/>
    <property name="line.separator" value="
"/>
    <property name="java.vm.specification.vendor" value="Oracle Corporation"/>
    <property name="user.variant" value=""/>
    <property name="os.name" value="Windows 7"/>
    <property name="classworlds.conf" value="C:\Users\robert.a.northard\workspace\.metadata\.plugins\org.eclipse.m2e.launching\launches\m2conf4384043108251220465.tmp"/>
    <property name="sun.jnu.encoding" value="Cp1252"/>
    <property name="java.library.path" value="C:\Program Files\Java\jdk1.8.0_20\bin;C:\windows\Sun\Java\bin;C:\windows\system32;C:\windows;C:/Program Files/Java/jre1.8.0_25/bin/server;C:/Program Files/Java/jre1.8.0_25/bin;C:/Program Files/Java/jre1.8.0_25/lib/amd64;C:\ProgramData\Oracle\Java\javapath;C:\windows\system32;C:\windows;C:\windows\System32\Wbem;C:\windows\System32\WindowsPowerShell\v1.0\;C:\windows\System32\WindowsPowerShell\v1.0\;C:\Program Files (x86)\Intel\OpenCL SDK\3.0\bin\x86;C:\Program Files (x86)\Intel\OpenCL SDK\3.0\bin\x64;C:\Program Files\Intel\WiFi\bin\;C:\Program Files\Common Files\Intel\WirelessCommon\;C:\HashiCorp\Vagrant\bin;C:\Program Files\OpenVPN\bin;C:\Users\robert.a.northard\bin\apache-maven-3.2.3\bin;C:\Ruby193\bin;C:\Program Files\Boot2Docker for Windows;C:\Program Files\eclipse;;."/>
    <property name="java.specification.name" value="Java Platform API Specification"/>
    <property name="java.class.version" value="52.0"/>
    <property name="sun.management.compiler" value="HotSpot 64-Bit Tiered Compilers"/>
    <property name="os.version" value="6.1"/>
    <property name="user.home" value="C:\Users\robert.a.northard"/>
    <property name="user.timezone" value="Europe/London"/>
    <property name="java.awt.printerjob" value="sun.awt.windows.WPrinterJob"/>
    <property name="java.specification.version" value="1.8"/>
    <property name="file.encoding" value="Cp1252"/>
    <property name="user.name" value="robert.a.northard"/>
    <property name="java.class.path" value="/C:/Program Files/eclipse/plugins/org.eclipse.m2e.maven.runtime_1.5.0.20140605-2032/jars/plexus-classworlds-2.5.1.jar"/>
    <property name="org.slf4j.simpleLogger.defaultLogLevel" value="info"/>
    <property name="java.vm.specification.version" value="1.8"/>
    <property name="sun.arch.data.model" value="64"/>
    <property name="java.home" value="C:\Program Files\Java\jdk1.8.0_20\jre"/>
    <property name="sun.java.command" value="org.codehaus.plexus.classworlds.launcher.Launcher -B test"/>
    <property name="java.specification.vendor" value="Oracle Corporation"/>
    <property name="user.language" value="en"/>
    <property name="awt.toolkit" value="sun.awt.windows.WToolkit"/>
    <property name="java.vm.info" value="mixed mode"/>
    <property name="java.version" value="1.8.0_20"/>
    <property name="java.ext.dirs" value="C:\Program Files\Java\jdk1.8.0_20\jre\lib\ext;C:\windows\Sun\Java\lib\ext"/>
    <property name="sun.boot.class.path" value="C:\Program Files\Java\jdk1.8.0_20\jre\lib\resources.jar;C:\Program Files\Java\jdk1.8.0_20\jre\lib\rt.jar;C:\Program Files\Java\jdk1.8.0_20\jre\lib\sunrsasign.jar;C:\Program Files\Java\jdk1.8.0_20\jre\lib\jsse.jar;C:\Program Files\Java\jdk1.8.0_20\jre\lib\jce.jar;C:\Program Files\Java\jdk1.8.0_20\jre\lib\charsets.jar;C:\Program Files\Java\jdk1.8.0_20\jre\lib\jfr.jar;C:\Program Files\Java\jdk1.8.0_20\jre\classes"/>
    <property name="java.vendor" value="Oracle Corporation"/>
    <property name="maven.home" value="C:\Users\robert.a.northard\Desktop\springpetclinic-selenium\EMBEDDED"/>
    <property name="file.separator" value="\"/>
    <property name="java.vendor.url.bug" value="http://bugreport.sun.com/bugreport/"/>
    <property name="sun.cpu.endian" value="little"/>
    <property name="sun.io.unicode.encoding" value="UnicodeLittle"/>
    <property name="sun.desktop" value="windows"/>
    <property name="sun.cpu.isalist" value="amd64"/>
  </properties>
  <testcase classname="Scenario: Adding a Pet Owner the Petclinic project." name="Given a User wishes to add a Pet Owner to the Petclinic project." time="0.009"/>
  <testcase classname="Scenario: Adding a Pet Owner the Petclinic project." name="When the User enters the pet Owners details" time="0.004"/>
  <testcase classname="Scenario: Adding a Pet Owner the Petclinic project." name="Then the Pet Owner &quot;John Smith&quot; should be added to the Petclinic Project." time="0"/>
  <testcase classname="Scenario: Adding a Pet Owner the Petclinic project." name="Scenario: Adding a Pet Owner the Petclinic project." time="0.001"/>
  <testcase classname="Scenario: The home page" name="Given I am on the home page" time="0"/>
  <testcase classname="Scenario: The home page" name="Then I should see &quot;PetClinic&quot;" time="0"/>
  <testcase classname="Scenario: The home page" name="Scenario: The home page" time="0"/>
  <testcase classname="Scenario: Vets" name="Given I am on the home page" time="0"/>
  <testcase classname="Scenario: Vets" name="And I follow &quot;/vets.html&quot;" time="0"/>
  <testcase classname="Scenario: Vets" name="Then I should be on the vets, &quot;Veterinarians&quot;, page" time="0"/>
  <testcase classname="Scenario: Vets" name="And I should see &quot;Veterinarians&quot; within h2" time="0"/>
  <testcase classname="Scenario: Vets" name="Scenario: Vets" time="0"/>
  <testcase classname="Scenario: Owners" name="Given I am on the home page" time="0"/>
  <testcase classname="Scenario: Owners" name="And I follow &quot;/owners/find.html&quot;" time="0"/>
  <testcase classname="Scenario: Owners" name="When I fill in &quot;lastName&quot; with &quot;Franklin&quot;" time="0"/>
  <testcase classname="Scenario: Owners" name="And I press &quot;Find Owners&quot;" time="0"/>
  <testcase classname="Scenario: Owners" name="Then I should see &quot;George&quot;" time="0"/>
  <testcase classname="Scenario: Owners" name="And I should see &quot;Franklin&quot;" time="0"/>
  <testcase classname="Scenario: Owners" name="Scenario: Owners" time="0.005"/>
</testsuite>